[    0.000000] Initializing cgroup subsys cpuset
[    0.000000] Initializing cgroup subsys cpu
[    0.000000] Initializing cgroup subsys cpuacct
[    0.000000] Linux version 4.4.0-134-generic (buildd@lgw01-amd64-033) (gcc version 5.4.0 20160609 (Ubuntu 5.4.0-6ubuntu1~16.04.10) ) #160-Ubuntu SMP Wed Aug 15 14:58:00 UTC 2018 (Ubuntu 4.4.0-134.160-generic 4.4.140)
[    0.000000] Command line: BOOT_IMAGE=/boot/vmlinuz-4.4.0-134-generic root=LABEL=cloudimg-rootfs ro console=tty1 console=ttyS0
[    0.000000] KERNEL supported cpus:
[    0.000000]   Intel GenuineIntel
[    0.000000]   AMD AuthenticAMD
[    0.000000]   Centaur CentaurHauls
[    0.000000] x86/fpu: xstate_offset[2]:  576, xstate_sizes[2]:  256
[    0.000000] x86/fpu: Supporting XSAVE feature 0x01: 'x87 floating point registers'
[    0.000000] x86/fpu: Supporting XSAVE feature 0x02: 'SSE registers'
[    0.000000] x86/fpu: Supporting XSAVE feature 0x04: 'AVX registers'
[    0.000000] x86/fpu: Enabled xstate features 0x7, context size is 832 bytes, using 'standard' format.
[    0.000000] e820: BIOS-provided physical RAM map:
[    0.000000] BIOS-e820: [mem 0x0000000000000000-0x000000000009fbff] usable
[    0.000000] BIOS-e820: [mem 0x000000000009fc00-0x000000000009ffff] reserved
[    0.000000] BIOS-e820: [mem 0x00000000000f0000-0x00000000000fffff] reserved
[    0.000000] BIOS-e820: [mem 0x0000000000100000-0x000000003ffeffff] usable
[    0.000000] BIOS-e820: [mem 0x000000003fff0000-0x000000003fffffff] ACPI data
[    0.000000] BIOS-e820: [mem 0x00000000fec00000-0x00000000fec00fff] reserved
[    0.000000] BIOS-e820: [mem 0x00000000fee00000-0x00000000fee00fff] reserved
[    0.000000] BIOS-e820: [mem 0x00000000fffc0000-0x00000000ffffffff] reserved
[    0.000000] NX (Execute Disable) protection: active
[    0.000000] SMBIOS 2.5 present.
[    0.000000] Hypervisor detected: KVM
[    0.000000] e820: last_pfn = 0x3fff0 max_arch_pfn = 0x400000000
[    0.000000] MTRR: Disabled
[    0.000000] x86/PAT: MTRRs disabled, skipping PAT initialization too.
[    0.000000] CPU MTRRs all blank - virtualized system.
[    0.000000] x86/PAT: Configuration [0-7]: WB  WT  UC- UC  WB  WT  UC- UC  
[    0.000000] found SMP MP-table at [mem 0x0009fff0-0x0009ffff] mapped at [ffff88000009fff0]
[    0.000000] Scanning 1 areas for low memory corruption
[    0.000000] RAMDISK: [mem 0x3630c000-0x3717dfff]
[    0.000000] ACPI: Early table checksum verification disabled
[    0.000000] ACPI: RSDP 0x00000000000E0000 000024 (v02 VBOX  )
[    0.000000] ACPI: XSDT 0x000000003FFF0030 00003C (v01 VBOX   VBOXXSDT 00000001 ASL  00000061)
[    0.000000] ACPI: FACP 0x000000003FFF00F0 0000F4 (v04 VBOX   VBOXFACP 00000001 ASL  00000061)
[    0.000000] ACPI: DSDT 0x000000003FFF0470 0021FF (v02 VBOX   VBOXBIOS 00000002 INTL 20180629)
[    0.000000] ACPI: FACS 0x000000003FFF0200 000040
[    0.000000] ACPI: FACS 0x000000003FFF0200 000040
[    0.000000] ACPI: APIC 0x000000003FFF0240 00005C (v02 VBOX   VBOXAPIC 00000001 ASL  00000061)
[    0.000000] ACPI: SSDT 0x000000003FFF02A0 0001CC (v01 VBOX   VBOXCPUT 00000002 INTL 20180629)
[    0.000000] No NUMA configuration found
[    0.000000] Faking a node at [mem 0x0000000000000000-0x000000003ffeffff]
[    0.000000] NODE_DATA(0) allocated [mem 0x3ffeb000-0x3ffeffff]
[    0.000000] kvm-clock: Using msrs 4b564d01 and 4b564d00
[    0.000000] kvm-clock: cpu 0, msr 0:3ffe3001, primary cpu clock
[    0.000000] kvm-clock: using sched offset of 3674372072 cycles
[    0.000000] clocksource: kvm-clock: mask: 0xffffffffffffffff max_cycles: 0x1cd42e4dffb, max_idle_ns: 881590591483 ns
[    0.000000] Zone ranges:
[    0.000000]   DMA      [mem 0x0000000000001000-0x0000000000ffffff]
[    0.000000]   DMA32    [mem 0x0000000001000000-0x000000003ffeffff]
[    0.000000]   Normal   empty
[    0.000000]   Dvice   empty
[    0.000000] Movable zone start for each node
[    0.000000] Early memory node ranges
[    0.000000]   node   0: [mem 0x0000000000001000-0x000000000009efff]
[    0.000000]   node   0: [mem 0x0000000000100000-0x000000003ffeffff]
[    0.000000] Initmem setup node 0 [mem 0x0000000000001000-0x000000003ffeffff]
[    0.000000] ACPI: PM-Timer IO Port: 0x4008
[    0.000000] IOAPIC[0]: apic_id 2, version 32, address 0xfec00000, GSI 0-23
[    0.000000] ACPI: INT_SRC_OVR (bus 0 bus_irq 0 global_irq 2 dfl dfl)
[    0.000000] ACPI: INT_SRC_OVR (bus 0 bus_irq 9 global_irq 9 low level)
[    0.000000] Using ACPI (MADT) for SMP configuration information
[    0.000000] smpboot: Allowing 2 CPUs, 0 hotplug CPUs
[    0.000000] PM: Registered nosave memory: [mem 0x00000000-0x00000fff]
[    0.000000] PM: Registered nosave memory: [mem 0x0009f000-0x0009ffff]
[    0.000000] PM: Registered nosave memory: [mem 0x000a0000-0x000effff]
[    0.000000] PM: Registered nosave memory: [mem 0x000f0000-0x000fffff]
[    0.000000] e820: [mem 0x40000000-0xfebfffff] available for PCI devices
[    0.000000] Booting paravirtualized kernel on KVM
[    0.000000] clocksource: refined-jiffies: mask: 0xffffffff max_cycles: 0xffffffff, max_idle_ns: 7645519600211568 ns
[    0.000000] setup_percpu: NR_CPUS:512 nr_cpumask_bits:512 nr_cpu_ids:2 nr_node_ids:1
[    0.000000] PERCPU: Embedded 34 pages/cpu @ffff88003fc00000 s99544 r8192 d31528 u1048576
[    0.000000] PV qspinlock hash table entries: 256 (order: 0, 4096 bytes)
[    0.000000] Built 1 zonelists in Node order, mobility grouping on.  Total pages: 257912
[    0.000000] Policy zone: DMA32
[    0.000000] Kernel command line: BOOT_IMAGE=/boot/vmlinuz-4.4.0-134-generic root=LABEL=cloudimg-rootfs ro console=tty1 console=ttyS0
[    0.000000] PID hash table entries: 4096 (order: 3, 32768 bytes)
[    0.000000] Memory: 997724K/1048120K available (8554K kernel code, 1314K rwdata, 4004K rodata, 1516K init, 1316K bss, 50396K reserved, 0K cma-reserved)
[    0.000000] SLUB: HWalign=64, Order=0-3, MinObjects=0, CPUs=2, Nodes=1
[    0.000000] Kernel/User page tables isolation: enabled
[    0.000000] Hierarchical RCU implementation.
[    0.000000] 	Build-time adjustment of leaf fanout to 64.
[    0.000000] 	RCU restricting CPUs from NR_CPUS=512 to nr_cpu_ids=2.
[    0.000000] RCU: Adjusting geometry for rcu_fanout_leaf=64, nr_cpu_ids=2
[    0.000000] NR_IRQS:33024 nr_irqs:440 16
[    0.000000] Console: colour VGA+ 80x25
[    0.000000] console [tty1] enabled
[    0.000000] console [ttyS0] enabled
[    0.000000] tsc: Detected 2893.424 MHz processor
[    0.195560] Calibrating delay loop (skipped) preset value.. 5786.84 BogoMIPS (lpj=11573696)

[    0.197494] pid_max: default: 32768 minimum: 301
[    0.198528] ACPI: Core revision 20150930
[    0.200267] ACPI: 2 ACPI AML tables successfully acquired and loaded
[    0.201720] Security Framework initialized
[    0.202662] Yama: becoming mindful.
[    0.203516] AppArmor: AppArmor initialized
[    0.204506] Dentry cache hash table entries: 131072 (order: 8, 1048576 bytes)
[    0.206633] Inode-cache hash table entries: 65536 (order: 7, 524288 bytes)
[    0.208152] Mount-cache hash table entries: 2048 (order: 2, 16384 bytes)
[    0.209524] Mountpoint-cache hash table entries: 2048 (order: 2, 16384 bytes)
[    0.211114] Initializing cgroup subsys io
[    0.212025] Initializing cgroup subsys memory
[    0.213001] Initializing cgroup subsys devices
[    0.213979] Initializing cgroup subsys freezer
[    0.214992] Initializing cgroup subsys net_cls
[    0.221101] Initializing cgroup subsys perf_event
[    0.221916] Initializing cgroup subsys net_prio
[    0.222732] Initializing cgroup subsys hugetlb
[    0.223509] Initializing cgroup subsys pids
[    0.224563] mce: CPU supports 0 MCE banks
[    0.225351] Last level iTLB entries: 4KB 512, 2MB 8, 4MB 8
[    0.226259] Last level dTLB entries: 4KB 512, 2MB 32, 4MB 32, 1GB 0
[    0.227308] Spectre V2 : Mitigation: Full generic retpoline
[    0.228236] Spectre V2 : Speculation control IBPB not-supported IBRS not-supported
[    0.229365] Speculative Store Bypass: Vulnerable
[    0.232761] Freeing SMP alternatives memory: 32K
[    0.241151] ftrace: allocating 32266 entries in 127 pages
[    0.292842] smpboot: APIC(0) Converting physical 0 to logical package 0
[    0.299696] smpboot: Max logical packages: 1
[    0.300968] x2apic enabled
[    0.307493] Switched APIC routing to physical x2apic.
[    0.309719] ..TIMER: vector=0x30 apic1=0 pin1=2 apic2=-1 pin2=-1
[    0.419112] smpboot: CPU0: Intel(R) Core(TM) i5-3380M CPU @ 2.90GHz (family: 0x6, model: 0x3a, stepping: 0x9)
[    0.426239] Performance Events: unsupported p6 CPU model 58 no PMU driver, software events only.
[    0.427888] KVM setup paravirtual spinlock
[    0.429262] x86: Booting SMP configuration:
[    0.430102] .... node  #0, CPUs:      #1
[    0.430920] kvm-clock: cpu 1, msr 0:3ffe3041, secondary cpu clock
[    0.440713] mce: CPU supports 0 MCE banks
[    0.443363] x86: Booted up 1 node, 2 CPUs
[    0.444528] smpboot: Total of 2 processors activated (11573.69 BogoMIPS)
[    0.446251] devtmpfs: initialized
[    0.448546] evm: security.selinux
[    0.449343] evm: security.SMACK64
[    0.450142] evm: security.SMACK64EXEC
[    0.451010] evm: security.SMACK64TRANSMUTE
[    0.451933] evm: security.SMACK64MMAP
[    0.452798] evm: security.ima
[    0.453530] evm: security.capability
[    0.454539] clocksource: jiffies: mask: 0xffffffff max_cycles: 0xffffffff, max_idle_ns: 7645041785100000 ns
[    0.456609] futex hash table entries: 512 (order: 3, 32768 bytes)
[    0.457999] pinctrl core: initialized pinctrl subsystem
[    0.459237] RTC time: 16:18:11, date: 10/03/18
[    0.460395] NET: Registered protocol family 16
[    0.470527] cpuidle: using governor ladder
[    0.482587] cpuidle: using governor menu
[    0.483859] PCCT header not found.
[    0.485063] ACPI: bus type PCI registered
[    0.486386] acpiphp: ACPI Hot Plug PCI Controller Driver version: 0.5
[    0.488713] PCI: Using configuration type 1 for base access
[    0.503596] ACPI: Added _OSI(Module Device)
[    0.505397] ACPI: Added _OSI(Processor Device)
[    0.507274] ACPI: Added _OSI(3.0 _SCP Extensions)
[    0.509245] ACPI: Added _OSI(Processor Aggregator Device)
[    0.512647] ACPI: Executed 1 blocks of module-level executable AML code
[    0.517220] ACPI: Interpreter enabled
[    0.518078] ACPI: (supports S0 S5)
[    0.518886] ACPI: Using IOAPIC for interrupt routing
[    0.520100] PCI: Using host bridge windows from ACPI; if necessary, use "pci=nocrs" and report a bug
[    0.525279] ACPI: PCI Root Bridge [PCI0] (domain 0000 [bus 00-ff])
[    0.526566] acpi PNP0A03:00: _OSC: OS supports [ASPM ClockPM Segments MSI]
[    0.527997] acpi PNP0A03:00: _OSC: not requesting OS control; OS requires [ExtendedConfig ASPM ClockPM MSI]
[    0.530058] acpi PNP0A03:00: fail to add MMCONFIG information, can't access extended PCI configuration space under this bridge.
[    0.532678] PCI host bridge to bus 0000:00
[    0.533603] pci_bus 0000:00: root bus resource [io  0x0000-0x0cf7 window]
[    0.534974] pci_bus 0000:00: root bus resource [io  0x0d00-0xffff window]
[    0.536358] pci_bus 0000:00: root bus resource [mem 0x000a0000-0x000bffff window]
[    0.538011] pci_bus 0000:00: root bus resource [mem 0x40000000-0xfdffffff window]
[    0.539686] pci_bus 0000:00: root bus resource [bus 00-ff]
[    0.542355] pci 0000:00:01.1: legacy IDE quirk: reg 0x10: [io  0x01f0-0x01f7]
[    0.543812] pci 0000:00:01.1: legacy IDE quirk: reg 0x14: [io  0x03f6]
[    0.545148] pci 0000:00:01.1: legacy IDE quirk: reg 0x18: [io  0x0170-0x0177]
[    0.546579] pci 0000:00:01.1: legacy IDE quirk: reg 0x1c: [io  0x0376]
[    0.565854] pci 0000:00:07.0: quirk: [io  0x4000-0x403f] claimed by PIIX4 ACPI
[    0.577397] pci 0000:00:07.0: quirk: [io  0x4100-0x410f] claimed by PIIX4 SMB
[    0.590087] ACPI: PCI Interrupt Link [LNKA] (IRQs 5 9 10 *11)
[    0.592067] ACPI: PCI Interrupt Link [LNKB] (IRQs 5 9 *10 11)
[    0.593831] ACPI: PCI Interrupt Link [LNKC] (IRQs 5 *9 10 11)
[    0.595881] ACPI: PCI Interrupt Link [LNKD] (IRQs 5 9 10 *11)
[    0.597714] ACPI: Enabled 2 GPEs in block 00 to 07
[    0.599231] vgaarb: setting as boot device: PCI:0000:00:02.0
[    0.600474] vgaarb: device added: PCI:0000:00:02.0,decodes=io+mem,owns=io+mem,locks=none
[    0.602300] vgaarb: loaded
[    0.603007] vgaarb: bridge control possible 0000:00:02.0
[    0.604427] SCSI subsystem initialized
[    0.605451] ACPI: bus type USB registered
[    0.606415] usbcore: registered new interface driver usbfs
[    0.607582] usbcore: registered new interface driver hub
[    0.608724] usbcore: registered new device driver usb
[    0.610469] PCI: Using ACPI for IRQ routing
[    0.611726] NetLabel: Initializing
[    0.612557] NetLabel:  domain hash size = 128
[    0.613527] NetLabel:  protocols = UNLABELED CIPSOv4
[    0.614601] NetLabel:  unlabeled traffic allowed by default
[    0.615941] amd_nb: Cannot enumerate AMD northbridges
[    0.617065] clocksource: Switched to clocksource kvm-clock
[    0.624524] AppArmor: AppArmor Filesystem Enabled
[    0.630895] pnp: PnP ACPI init
[    0.632358] pnp: PnP ACPI: found 3 devices
[    0.642258] clocksource: acpi_pm: mask: 0xffffff max_cycles: 0xffffff, max_idle_ns: 2085701024 ns
[    0.644236] NET: Registered protocol family 2
[    0.645394] TCP established hash table entries: 8192 (order: 4, 65536 bytes)
[    0.646836] TCP bind hash table entries: 8192 (order: 5, 131072 bytes)
[    0.648178] TCP: Hash tables configured (established 8192 bind 8192)
[    0.654775] UDP hash table entries: 512 (order: 2, 16384 bytes)
[    0.65588] UDP-Lite hash table entries: 512 (order: 2, 16384 bytes)
[    0.679070] NET: Registered protocol family 1
[    0.680053] pci 0000:00:00.0: Limiting direct PCI/PCI transfers
[    0.681298] pci 0000:00:01.0: Activating ISA DMA hang workarounds
[    0.682679] Unpacking initramfs...

[    0.878489] Freeing initrd memory: 14792K
[    0.907705] RAPL PMU detected, API unit is 2^-32 Joules, 3 fixed counters 10737418240 ms ovfl timer
[    0.909707] hw unit of domain pp0-core 2^-0 Joules
[    0.910744] hw unit of domain package 2^-0 Joules
[    0.911754] hw unit of domain pp1-gpu 2^-0 Joules
[    0.912841] platform rtc_cmos: registered platform RTC device (no PNP device found)
[    0.914590] Scanning for low memory corruption every 60 seconds
[    0.916206] audit: initializing netlink subsys (disabled)
[    0.917382] audit: type=2000 audit(1538583496.657:1): initialized
[    0.918934] Initialise system trusted keyring
[    0.930675] HugeTLB registered 2 MB page size, pre-allocated 0 pages
[    0.933314] zbud: loaded
[    0.934338] VFS: Disk quotas dquot_6.6.0
[    0.935265] VFS: Dquot-cache hash table entries: 512 (order 0, 4096 bytes)
[    0.936913] squashfs: version 4.0 (2009/01/31) Phillip Lougher
[    0.938426] fuse init (API version 7.23)
[    0.939464] Key type big_key registered
[    0.940373] Allocating IMA MOK and blacklist keyrings.
[    0.942394] Key type asymmetric registered
[    0.943335] Asymmetric key parser 'x509' registered
[    0.944415] Block layer SCSI generic (bsg) driver version 0.4 loaded (major 249)
[    0.946144] io scheduler noop registered
[    0.947067] io scheduler deadline registered (default)
[    0.948193] io scheduler cfq registered
[    0.949163] pci_hotplug: PCI Hot Plug PCI Core version: 0.5
[    0.950369] pciehp: PCI Express Hot Plug Controller Driver version: 0.4
[    0.951851] ACPI: AC Adapter [AC] (on-line)
[    0.952856] input: Power Button as /devices/LNXSYSTM:00/LNXPWRBN:00/input/input0
[    0.954531] ACPI: Power Button [PWRF]
[    0.955440] input: Sleep Button as /devices/LNXSYSTM:00/LNXSLPBN:00/input/input1
[    0.957090] ACPI: Sleep Button [SLPF]
[    0.958677] ACPI: Battery Slot [BAT0] (battery present)
[    0.959840] GHES: HEST is not enabled!
[    0.960785] Serial: 8250/16550 driver, 32 ports, IRQ sharing enabled
[    0.984140] 00:02: ttyS0 at I/O 0x3f8 (irq = 4, base_baud = 115200) is a 16550A
[    0.986905] Linux agpgart interface v0.103
[    0.989323] loop: module loaded
[    0.990706] scsi host0: ata_piix
[    0.991645] scsi host1: ata_piix
[    0.992453] ata1: PATA max UDMA/33 cmd 0x1f0 ctl 0x3f6 bmdma 0xd000 irq 14
[    0.993873] ata2: PATA max UDMA/33 cmd 0x170 ctl 0x376 bmdma 0xd008 irq 15
[    0.995360] libphy: Fixed MDIO Bus: probed
[    0.996344] tun: Universal TUN/TAP device driver, 1.6
[    0.997442] tun: (C) 1999-2004 Max Krasnyansky <maxk@qualcomm.com>
[    0.998762] PPP generic driver version 2.4.2
[    0.999785] ehci_hcd: USB 2.0 'Enhanced' Host Controller (EHCI) Driver
[    1.001161] ehci-pci: EHCI PCI platform driver
[    1.002183] ehci-platform: EHCI generic platform driver
[    1.003334] ohci_hcd: USB 1.1 'Open' Host Controller (OHCI) Driver
[    1.017716] ohci-pci: OHCI PCI platform driver
[    1.018721] ohci-platform: OHCI generic platform driver
[    1.019865] uhci_hcd: USB Universal Host Controller Interface driver
[    1.020965] i8042: PNP: PS/2 Controller [PNP0303:PS2K,PNP0f03:PS2M] at 0x60,0x64 irq 1,12
[    1.022895] serio: i8042 KBD port at 0x60,0x64 irq 1
[    1.023731] serio: i8042 AUX port at 0x60,0x64 irq 12
[    1.024701] mousedev: PS/2 mouse device common for all mice
[    1.026184] input: AT Translated Set 2 keyboard as /devices/platform/i8042/serio0/input/input2
[    1.027881] rtc_cmos rtc_cmos: rtc core: registered rtc_cmos as rtc0
[    1.028975] rtc_cmos rtc_cmos: alarms up to one day, 114 bytes nvram
[    1.030082] i2c /dev entries driver
[    1.030794] device-mapper: uevent: version 1.0.3
[    1.031656] device-mapper: ioctl: 4.34.0-ioctl (2015-10-28) initialised: dm-devel@redhat.com
[    1.047892] ledtrig-cpu: registered to indicate activity on CPUs
[    1.049329] NET: Registered protocol family 10
[    1.050314] NET: Registered protocol family 17
[    1.051098] Key type dns_resolver registered
[    1.052091] registered taskstats version 1
[    1.052843] Loading compiled-in X.509 certificates
[    1.054309] Loaded X.509 cert 'Build time autogenerated kernel key: 4eb3d024ac16f76c1747ffd474694c84db21038b'
[    1.055926] zswap: loaded using pool lzo/zbud
[    1.058631] Key type trusted registered
[    1.062613] Key type encrypted registered
[    1.063379] AppArmor: AppArmor sha1 policy hashing enabled
[    1.064262] ima: No TPM chip found, activating TPM-bypass!
[    1.065203] ima: Allocated hash algorithm: sha1
[    1.066075] evm: HMAC attrs: 0x1
[    1.067080]   Magic number: 6:218:337
[    1.067779] tty tty58: hash matches
[    1.068498] rtc_cmos rtc_cmos: setting system clock to 2018-10-03 16:18:11 UTC (1538583491)
[    1.070180] BIOS EDD facility v0.16 2004-Jun-25, 0 devices found
[    1.071164] EDD information not available.
[    1.150669] Freeing unused kernel memory: 1516K
[    1.152019] Write protecting the kernel read-only data: 14336k
[    1.154268] Freeing unused kernel memory: 1672K
[    1.155800] Freeing unused kernel memory: 92K
Loading, please wait...
starting version 229
[    1.174488] random: systemd-udevd: uninitialized urandom read (16 bytes read, 2 bits of entropy available)
[    1.175271] random: udevadm: uninitialized urandom read (16 bytes read, 2 bits of entropy available)
[    1.175305] random: udevadm: uninitialized urandom read (16 bytes read, 2 bits of entropy available)
[    1.188150] random: udevadm: uninitialized urandom read (16 bytes read, 2 bits of entropy available)
[    1.188198] random: udevadm: uninitialized urandom read (16 bytes read, 2 bits of entropy available)
[    1.188350] random: udevadm: uninitialized urandom read (16 bytes read, 2 bits of entropy available)
[    1.188406] random: udevadm: uninitialized urandom read (16 bytes read, 2 bits of entropy available)
[    1.188461] random: udevadm: uninitialized urandom read (16 bytes read, 2 bits of entropy available)
[    1.188520] random: udevadm: uninitialized urandom read (16 bytes read, 2 bits of entropy available)
[    1.188574] random: udevadm: uninitialized urandom read (16 bytes read, 2 bits of entropy available)
[    1.240594] Fusion MPT base driver 3.04.20
[    1.241619] Copyright (c) 1999-2008 LSI Corporation
[    1.252229] e1000: Intel(R) PRO/1000 Network Driver - version 7.3.21-k8-NAPI
[    1.253735] e1000: Copyright (c) 1999-2006 Intel Corporation.
[    1.267451] AVX version of gcm_enc/dec engaged.
[    1.268555] AES CTR mode by8 optimization enabled
[    1.287765] Fusion MPT SPI Host driver 3.04.20
[    1.472072] input: ImExPS/2 Generic Explorer Mouse as /devices/platform/i8042/serio1/input/input4
[    1.622303] e1000 0000:00:03.0 eth0: (PCI:33MHz:32-bit) 02:1d:76:b3:3c:fe
[    1.626073] e1000 0000:00:03.0 eth0: Intel(R) PRO/1000 Network Connection
[    1.909115] tsc: Refined TSC clocksource calibration: 2892.067 MHz
[    1.910490] clocksource: tsc: mask: 0xffffffffffffffff max_cycles: 0x29affd2b5ad, max_idle_ns: 440795319037 ns
[    2.190615] e1000 0000:00:08.0 eth1: (PCI:33MHz:32-bit) 08:00:27:ee:73:01
[    2.192030] e1000 0000:00:08.0 eth1: Intel(R) PRO/1000 Network Connection
[    2.194690] e1000 0000:00:03.0 enp0s3: renamed from eth0
[    2.196857] mptbase: ioc0: Initiating bringup
[    2.205255] e1000 0000:00:08.0 enp0s8: renamed from eth1
[    2.261529] ioc0: LSI53C1030 A0: Capabilities={Initiator}
[    2.442166] scsi host2: ioc0: LSI53C1030 A0, FwRev=00000000h, Ports=1, MaxQ=256, IRQ=20
[    2.578667] scsi 2:0:0:0: Direct-Access     VBOX     HARDDISK         1.0  PQ: 0 ANSI: 5
[    2.596351] scsi target2:0:0: Beginning Domain Validation
[    2.610697] scsi target2:0:0: Domain Validation skipping write tests
[    2.625288] scsi target2:0:0: Ending Domain Validation
[    2.739476] scsi target2:0:0: asynchronous
[    2.740742] scsi 2:0:1:0: Direct-Access     VBOX     HARDDISK         1.0  PQ: 0 ANSI: 5
[    2.742458] scsi target2:0:1: Beginning Domain Validation
[    2.744690] scsi target2:0:1: Domain Validation skipping write tests
[    2.746037] scsi target2:0:1: Ending Domain Validation
[    2.747232] scsi target2:0:1: asynchronous
[    2.753999] sd 2:0:0:0: Attached scsi generic sg0 type 0
[    2.754017] sd 2:0:0:0: [sda] 20971520 512-byte logical blocks: (10.7 GB/10.0 GiB)
[    2.754247] sd 2:0:0:0: [sda] Write Protect is off
[    2.754359] sd 2:0:0:0: [sda] Incomplete mode parameter data
[    2.754361] sd 2:0:0:0: [sda] Assuming drive cache: write through
[    2.782601]  sda: sda1
[    2.783357] sd 2:0:0:0: [sda] Attached SCSI disk
[    2.785620] sd 2:0:1:0: Attached scsi generic sg1 type 0
[    2.785818] sd 2:0:1:0: [sdb] 20480 512-byte logical blocks: (10.5 MB/10.0 MiB)
[    2.785965] sd 2:0:1:0: [sdb] Write Protect is off
[    2.786035] sd 2:0:1:0: [sdb] Incomplete mode parameter data
[    2.786037] sd 2:0:1:0: [sdb] Assuming drive cache: write through
[    2.805633] sd 2:0:1:0: [sdb] Attached SCSI disk
Begin: Loading essential drivers ... [    4.164578] md: linear personality registered for level -1
[    4.170393] md: multipath personality registered for level -4
[    4.174533] md: raid0 personality registered for level 0
[    4.179062] md: raid1 personality registered for level 1
[    4.253096] raid6: sse2x1   gen()  8715 MB/s
[    4.325098] raid6: sse2x1   xor()  7433 MB/s
[    4.393091] raid6: sse2x2   gen() 11488 MB/s
[    4.509089] raid6: sse2x2   xor()  8362 MB/s
[    4.581092] raid6: sse2x4   gen() 13926 MB/s
[    4.649096] raid6: sse2x4   xor() 10062 MB/s
[    4.650121] raid6: using algorithm sse2x4 gen() 13926 MB/s
[    4.651273] raid6: .... xor() 10062 MB/s, rmw enabled
[    4.652349] raid6: using ssse3x2 recovery algorithm
[    4.654819] xor: automatically using best checksumming function:
[    4.717456]    avx       : 51418.000 MB/sec
[    4.788835] async_tx: api initialized (async)
[    4.814237] md: raid6 personality registered for level 6
[    4.817305] md: raid5 personality registered for level 5
[    4.818452] md: raid4 personality registered for level 4
[    4.824717] md: raid10 personality registered for level 10
done.
Begin: Running /scripts/init-premount ... done.
Begin: Mounting root file system ... Begin: Running /scripts/local-top ... done.
Begin: Running /scripts/local-premount ... [    4.859118] Btrfs loaded
Scanning for Btrfs filesystems
done.
Warning: fsck not present, so skipping root file[    4.949709] EXT4-fs (sda1): INFO: recovery required on readonly filesystem
 system
[    5.008232] EXT4-fs (sda1): write access will be enabled during recovery
[    5.118472] EXT4-fs (sda1): orphan cleanup on readonly fs
[    5.130474] EXT4-fs (sda1): 8 orphan inodes deleted
[    5.177497] EXT4-fs (sda1): recovery complete
[    5.179033] EXT4-fs (sda1): mounted filesystem with ordered data mode. Opts: (null)
done.
Begin: Running /scripts/local-bottom ... done.
Begin: Running /scripts/init-bottom ... done.
[    5.604253] systemd[1]: systemd 229 running in system mode. (+PAM +AUDIT +SELINUX +IMA +APPARMOR +SMACK +SYSVINIT +UTMP +LIBCRYPTSETUP +GCRYPT +GNUTLS +ACL +XZ -LZ4 +SECCOMP +BLKID +ELFUTILS +KMOD -IDN)
[    5.611063] systemd[1]: Detected virtualization oracle.
[    5.612191] systemd[1]: Detected architecture x86-64.

Welcome to [1mUbuntu 16.04.5 LTS[0m!

[    5.639585] systemd[1]: Set hostname to <ubuntu-xenial>.
[   .377355] systemd[1]: Listening on Journal Socket.
[[0;32m  OK  [0m] Listening on Journal Socket.
[    6.442709] systemd[1]: Listening on /dev/initctl Compatibility Named Pipe.
[[0;32m  OK  [0m] Listening on /dev/initctl Compatibility Named Pipe.
[    6.446121] systemd[1]: Created slice System Slice.
[[0;32m  OK  [0m] Created slice System Slice.
[    6.457277] systemd[1]: Starting Nameserver information manager...
         Starting Nameserver information manager...
[    6.462475] systemd[1]: Mounting POSIX Message Queue File System...
         Mounting POSIX Message Queue File System...
[    6.471810] systemd[1]: Starting Remount Root and Kernel File Systems...
         Starting Remount Root and Kernel File Systems...
[    6.480200] systemd[1]: Listening on Syslog Socket.
[[0;32m  OK  [0m] Listening on Syslog Socket.
[    6.483979] systemd[1]: Mounting Huge Pages File System...
         Mounting Huge Pages File System...
[    6.489026] systemd[1]: Starting Create list of required static device nodes for the current kernel...
         Starting Create list of required st... nodes for the current kernel...
[    6.497583] systemd[1]: Reached target User and Group Ne okups.
[[0;32m  OK  [0[    6.799008] random: nonblocking pool is initialized
m] Reached target User and Group Name Lookups.
[    6.815543] EXT4-fs (sda1): re-mounted. Opts: (null)
[    6.829801] systemd[1]: Starting Load Kernel Modules...
         Starting Load Kernel Modules...
[    6.840977] systemd[1]: Created slice system-serial\x2dgetty.slice.
[[0;32m  OK  [0m] Created slice system-serial\x2dgetty.slice.
[    6.846578] systemd[1]: Listening on Device-mapper event daemon FIFOs.
[[0;32m  OK  [0m] Listening on Device-mapper event daemon FIFOs.
[    6.851503] systemd[1]: Listening on LVM2 poll daemon socket.
[    6.853919] Loading iSCSI transport class v2.0-870.
[[0;32m  OK  [0m] Listening on LVM[    6.866842] iscsi: registered transport (tcp)
2 poll daemon socket.
[    6.877924] systemd[1]: Listening on udev Control Socket.
[[0;32m  OK  [0m] Listening on udev Control Socket.
[    6.897401] systemd[1]: Starting Set console keymap...
         Starting Set console keymap...
[    6.906943] systemd[1]: Listening on Journal Socket (/dev/log).
[[0;32m  OK  [0m] Listening on Journal Socket (/dev/log).
[    6.919612] systemd[1]: Set up automount Arbitrary Executable File Formats File System Automount Point.
[[0;32m  OK  [0m] Set up automount Arbitrary Executab...ats File System Automount Point.
[    6.941837] systemd[1]: Started Trigger resolvconf update for networkd DNS.
[[0;32m  OK  [0m] Started Trigger resolvconf update for networkd DNS.
[    6.970673] systemd[1]: Created slice User and Session Slice.
[[0;32m  OK  [0m] Created slice User and Session Slice.
[    6.975163] systemd[1]: Reached target Slices.
[[0;32m  OK  [0m] Reached target Slices.
[    6.977492] systemd[1]: Reached target System Time Synchronized.
[[0;32m  OK  [0m] Reached target System Time Synchronized.
[    6.986336] iscsi: registered transport (iser)
[    6.997409] systemd[1]: Starting Uncomplicated firewall...
         Starting Uncomplicated firewall...
[    7.025100] systemd[1]: Listening on Journal Audit Socket.
[[0;32m  OK  [0m] Listening on Journal Audit Socket.
[    7.028237] systemd[1]: Starting Journal Service...
         Starting Journal Service...
[    7.049560] systemd[1]: Listening on udev Kernel Socket.
[[0;32m  OK  [0m] Listening on udev Kernel Socket.
[    7.059993] systemd[1]: Started Forward Password Requests to Wall Directory Watch.
[[0;32m  OK  [0m] Started Forward Password Requests to Wall Directory Watch.
[    7.093549] systemd[1]: Reached target Swap.
[[0;32m  OK  [0m] Reached target Swap.
[    7.098016] systemd[1]: Listening on LVM2 metadata daemon socket.
[[0;32m  OK  [0m] Listening on LVM2 metadata daemon socket.
[    7.117449] systemd[1]: Starting Monitoring of LVM2 mirrors, snapshots etc. using dmeventd or progress polling...
         Starting Monitoring of LVM2 mirrors... dmeventd or progress polling...
[    7.131626] systemd[1]: Reached target Encrypted Volumes.
[[0;32m  OK  [0m] Reached target Encrypted Volumes.
[    7.135964] systemd[1]: Mounting Debug File System...
         Mounting Debug File System...
[    7.141102] systemd[1]: Mounted Debug File System.
[[0;32m  OK  [0m] Mounted Debug File System.
[    7.147135] systemd[1]: Mounted Huge Pages File System.
[[0;32m  OK  [0m] Mounted Huge Pages File System.
[    7.149742] systemd[1]: Mounted POSIX Message Queue File System.
[[0;32m  OK  [0m] Mounted POSIX Message Queue File System.
[    7.152652] systemd[1]: Started Journal Service.
[[0;32m  OK  [0m] Started Journal Service.
[[0;32m  OK  [0m] Started Remount Root and Kernel File Systems.
[[0;32m  OK  [0m] Started Create list of required sta...ce nodes for the current kernel.
[[0;32m  OK  [0m] Started Load Kernel Modules.
[[0;32m  OK  [0m] Started Set console keymap.
[[0;32m  OK  [0m] Started Uncomplicated firewall.
[[0;32m  OK  [0m] Started Nameserver information manager.
[[0;32m  OK  [0m] Started LVM2 metadata daemon.
         Mounting FUSE Control File System...
         Starting Apply Kernel Variables...
         Starting Create Static Device Nodes in /dev...
         Starting udev Coldplug all Devices...
         Starting Load/Save Random Seed...
         Starting Flush Journal to Persistent Storage...
[[0;32m  OK  [0m] Mounted FUSE Control File System.
[[0;32m  OK  [0m] Started Monitoring of LVM2 mirrors,...ng dmeventd or progress polling.
[[0;32m  OK  [0m] Started Apply Kernel Variables.
[[0;32m  OK  [0m] Started Create Static Device Nodes in /dev.
[[0;32m  OK  [0m] Started Load/Save Random Seed.
[[0;32m  OK  [0m] Started udev Coldplug all Devices.
         Starting udev Kernel Device Manager...
[[0;32m  OK  [0m] Started Flush Journal to Persistent Storage.
[[0;32m  OK  [0m] Started udev Kernel Device Manager.
[[0;32m  OK  [0m] Started Dispatch Password Requests to Console Directory Watch.
[[0;32m  OK  [0m] Reached target Local File Systems (Pre).
[[0;32m  OK  [0m] Reached target Local File Systems.
         Starting LSB: AppArmor initialization...
         Starting Set console font and keymap...
         Starting Initial cloud-init job (pre-networking)...
         Starting Tell Plymouth To Write Out Runtime Data...
         Starting Create Volatile Files and Directories...
[[0;32m  OK  [0m] Started Tell Plymouth To Write Out Runtime Data.
[[0;32m  OK  [0m] Started Create Volatile Files and Directories.
         Starting Update UTMP about System Boot/Shutdown...
[[0;32m  OK  [0m] Found device /dev/ttyS0.
[[0;32m  OK  [0m] Started Update UTMP about System Boot/Shutdown.
[[0;32m  OK  [0m] Listening on Load/Save RF Kill Switch Status /dev/rfkill Watch.
[[0;32m  OK  [0m] Found device 82540EM Gigabit Ethern...r (PRO/1000 MT Desktop Adapter).
[[0;32m  OK  [0m] Found device 82540EM Gigabit Ethern...r (PRO/1000 MT Desktop Adapter).
[[0;32m  OK  [0m] Started LSB: AppArmor initialization.
[[0;32m  OK  [0m] Started Set console font and keymap.
[[0;32m  OK  [0m] Created slice system-getty.slice.
[    9.620359] cloud-init[476]: Cloud-init v. 18.3-9-g2e62cb8a-0ubuntu1~16.04.2 running 'init-local' at Wed, 03 Oct 2018 16:18:19 +0000. Up 9.14 seconds.
[[0;32m  OK  [0m] Started Initial cloud-init job (pre-networking).
[[0;32m  OK  [0m] Reached target Network (Pre).
[[0;32m  OK  [0m] Started ifup for enp0s3.
         Starting Raise network interfaces...
[[0;32m  OK  [0m] Started ifup for enp0s8.
[[0;32m  OK  [0m] Started Raise network interfaces.
[[0;32m  OK  [0m] Reached target Network.
         Starting Initial cloud-init job (metadata service crawler)...
[   10.805862] cloud-init[1056]: Cloud-init v. 18.3-9-g2e62cb8a-0ubuntu1~16.04.2 running 'init' at Wed, 03 Oct 2018 16:18:20 +0000. Up 10.19 seconds.
[   10.808837] cloud-init[1056]: ci-info: ++++++++++++++++++++++++++++++++++++++Net device info+++++++++++++++++++++++++++++++++++++++
[   10.824821] cloud-init[1056]: ci-info: +--------+------+-----------------------------+---------------+--------+-------------------+
[   10.827628] cloud-init[1056]: ci-info: | Device |  Up  |           Address           |      Mask     | Scope  |     Hw-Address    |
[   10.895830] [[0;32m  OK  [0m] Started Initial cloud-init job (metadata service crawler).
cloud-init[1056]: ci-info: +--------+------+-----------------------------+---------------+--------+-------------------+[[0;32m  OK  [0m] Reached target Network is Online.

[   10.903786] cloud-init[1056]: ci-info: | enp0s3 | True |          10.0.2.15          | 255.255.255.0 | global | 02:1d:76:b3:3c:fe |
[   10.905810] cloud-init[1056]: ci-info: | enp0s3 | True |  fe80::1d:76ff:feb3:3cfe/64 |       .       |  link  | 02:1d:76:b3:3c:fe |
[   10.907774] cloud-init[1056]: ci-info: | enp0s8 | True |        192.168.34.10        | 255.255.255.0 | global | 08:00:27:ee:73:01 |
[   10.909798] cloud-init[1056]: ci-info: | enp0s8 | True | fe80::a00:27ff:feee:7301/64 |       .       |  link  | 08:00:27:ee:73:01 |
[   10.911666] cloud-init[1056]: ci-info: |   lo   | True |          127.0.0.1          |   255.0.0.0   |  host  |         .         |
[   10.925152]          Starting iSCSI initiator daemon (iscsid)...
[[0;32m  OK  [0m] Reached target System Initialization.
[[0;32m  OK  [0m] Listening on ACPID Listen Socket.
[[0;32m  OK  [0m] Listening on UUID daemon activation socket.
[[0;32m  OK  [0m] Started Daily Cleanup of Temporary Directories.
cloud-init[1056]: ci-info: |   lo   | True |           ::1/128           |       .       |  host  |         .         |
[   10.954947] [[0;32m  OK  [0m] Listening on D-Bus System Message Bus Socket.
         Starting Socket activation for snappy daemon.
cloud-init[1056]: ci-info: +--------+------+-----------------------------+---------------+--------+-------------------+
[   10.971172] cloud-init[1056]: ci-info: ++++++++++++++++++++++++++++Route IPv4 info++++++++++++++++++++++++++++
[[0;32m  OK  [0m] Started Daily apt download activities.
[   10.976598]          Starting Docker Socket for the API.
cloud-init[1056]: ci-info: +-------+--------------+----------+---------------+-----------+-------+
[   10.981336] cloud-init[1056]: ci-info: | Route | Destination  | Gateway  |    Genmask    | Interface | Flags |
[   10.981672] cloud-init[1056]: ci-info: +-------+--------------+----------+---------------+-----------+-------+
[   10.981874] cloud-init[1056]: ci-info: |   0   |   0.0.0.0    | 10.0.2.2 |    0.0.0.0    |   enp0s3  |   UG  |
[   10.982070] cloud-init[1056]: ci-info: |   1   |   10.0.2.0   | 0.0.0.0  | 255.255.255.0 |   enp0s3  |   U   |
[   10.982265] cloud-init[1056]: ci-info: |   2   | 192.168.34.0 | 0.0.0.0  | 255.255.255.0 |   enp0s8  |   U   |
[   10.982470] cloud-init[1056]: ci-info: +-------+--------------+----------+---------------+-----------+-------+
[   10.982673] cloud-init[1056]: ci-info: +++++++++++++++++++Route IPv6 info+++++++++++++++++++
[   10.982890] cloud-init[1056]: ci-info: +-------+-------------+---------+-----------+-------+
[   10.983121] cloud-init[1056]: ci-info: | Route | Destination | Gateway | Interface | Flags |
[   10.983280] cloud-init[1056]: ci-info: +-------+-------------+---------+-----------+-------+
[   10.983479] cloud-init[1056]: ci-info: |   0   |  fe80::/64  |    ::   |   enp0s8  |   U   |
[   10.983722] cloud-init[1056]: ci-info: |   1   |  fe80::/64  |    ::   |   enp0s3  |   U   |
[   10.983907] cloud-init[1056]: ci-info: |   4   |   ff00::/8  |    ::   |   enp0s8  |   U   |
[   10.984315] cloud-init[1056]: ci-info: |   5   |   ff00::/8  |    ::   |   enp0s3  |   U   |
[   10.984510] cloud-init[1056]: ci-info: +-------+-------------+---------+-----------+-------+
[[0;32m  OK  [0m] Started Daily apt upgrade and clean activities.
[[0;32m  OK  [0m] Reached target Timers.
         Starting LXD - unix socket.
[[0;32m  OK  [0m] Started ACPI Events Check.
[[0;32m  OK  [0m] Reached target Paths.
[[0;32m  OK  [0m] Reached target Cloud-config availability.
[[0;32m  OK  [0m] Listening on Socket activation for snappy daemon.
[[0;32m  OK  [0m] Listening on Docker Socket for the API.
[[0;32m  OK  [0m] Listening on LXD - unix socket.
[[0;32m  OK  [0m] Reached target Sockets.
[[0;32m  OK  [0m] Reached target Basic System.
         Starting LSB: Record successful boot for GRUB...
[[0;32m  OK  [0m] Started FUSE filesystem for LXC.
[[0;32m  OK  [0m] Started Regular background program processing daemon.
[[0;32m  OK  [0m] Started D-Bus System Message Bus.
         Starting Accounts Service...
[[0;32m  OK  [0m] Started Unattended Upgrades Shutdown.
[[0;32m  OK  [0m] Started Deferred execution scheduler.
[[0;32m  OK  [0m] Started ACPI event daemon.
         Starting LSB: MD monitoring daemon...
         Starting Login Service...
         Starting LXD - container startup/shutdown...
         Starting Snappy daemon...
         Starting Docker Application Container Engine...
         Starting /etc/rc.local Compatibility...
         Starting OpenBSD Secure Shell server...
         Starting System Logging Service...
         Starting Virtualbox guest utils...
[[0;32m  OK  [0m] Started iSCSI initiator daemon (iscsid).
[[0;32m  OK  [0m] Started /etc/rc.local Compatibility.
         Starting Login to default iSCSI targets...
[[0;32m  OK  [0m] Started LSB: Record successful boot for GRUB.
[[0;32m  OK  [0m] Started Login Service.
[[0;32m  OK  [0m] Started LSB: MD monitoring daemon.
[[0;32m  OK  [0m] Started System Logging Service.
         Starting Authenticate and Authorize Users to Run Privileged Tasks...
[[0;32m  OK  [0m] Started Login to default iSCSI targets.
[[0;32m  OK  [0m] Reached target Remote File Systems (Pre).
[[0;32m  OK  [0m] Reached target Remote File Systems.
         Starting Permit User Sessions...
         Starting LSB: automatic crash report generation...
         Starting LSB: daemon to balance interrupts for SMP systems...
         Starting LSB: Set the CPU Frequency Scaling governor to "ondemand"...
         Starting LSB: Set up cgroupfs mounts....
[[0;32m  OK  [0m] Started OpenBSD Secure Shell server.
[[0;32m  OK  [0m] Started Authenticate and Authorize Users to Run Privileged Tasks.
[[0;32m  OK  [0m] Started Accounts Service.
[[0;32m  OK  [0m] Started Permit User Sessions.
         Starting Hold until boot process finishes up...
         Starting Terminate Plymouth Boot Screen...
[[0;32m  OK  [0m] Started Hold until boot process finishes up.
[[0;32m  OK  [0m] Started LSB: Set the CPU Frequency Scaling governor to "ondemand".
[[0;32m  OK  [0m] Started Terminate Plymouth Boot Screen.
         Starting Set console scheme...
[[0;32m  OK  [0m] Started Getty on tty1.
[[0;32m  OK  [0m] Started Serial Getty on ttyS0.
[[0;32m  OK  [0m] Reached target Login Prompts.
[[0;32m  OK  [0m] Started Virtualbox guest utils.
[[0;32m  OK  [0m] Started LSB: automatic crash report generation.
[[0;32m  OK  [0m] Started LSB: daemon to balance interrupts for SMP systems.
[[0;32m  OK  [0m] Started LSB: Set up cgroupfs mounts..
[[0;32m  OK  [0m] Started Set console scheme.
[[0;32m  OK  [0m] Created slice User Slice of vagrant.
         Starting User Manager for UID 1000...
[[0;32m  OK  [0m] Started Session 1 of user vagrant.
[[0;32m  OK  [0m] Started User Manager for UID 1000.
[[0;32m  OK  [0m] Started LXD - container startup/shutdown.
[[0;32m  OK  [0m] Started Snappy daemon.
         Starting Wait until snapd is fully seeded...
[[0;32m  OK  [0m] Started Wait until snapd is fully seeded.
         Starting Apply the settings specified in cloud-config...
[   13.756528] cloud-init[1348]: Cloud-init v. 18.3-9-g2e62cb8a-0ubuntu1~16.04.2 running 'modules:config' at Wed, 03 Oct 2018 16:18:24 +0000. Up 13.48 seconds.
[[0;32m  OK  [0m] Started Apply the settings specified in cloud-config.

Ubuntu 16.04.5 LTS ubuntu-xenial ttyS0

ubuntu-xenial login: [   21.765434] cloud-init[1993]: Cloud-init v. 18.3-9-g2e62cb8a-0ubuntu1~16.04.2 running 'modules:final' at Wed, 03 Oct 2018 16:18:32 +0000. Up 21.59 seconds.
[   21.768107] cloud-init[1993]: Cloud-init v. 18.3-9-g2e62cb8a-0ubuntu1~16.04.2 finished at Wed, 03 Oct 2018 16:18:32 +0000. Datasource DataSourceNoCloud [seed=/dev/sdb][dsmode=net].  Up 21.75 seconds
